<?xml version="1.0" encoding="UTF-8" ?>
<testsuite tests="1" failures="0" name="com.qzing.singlehouse.service.AppTest" time="0.002" errors="0" skipped="0">
  <properties>
    <property name="java.runtime.name" value="Java(TM) SE Runtime Environment"/>
    <property name="sun.boot.library.path" value="E:\jdk\jdk-8u161-windows-x64\jdk1.8.0_161\jre\bin"/>
    <property name="java.vm.version" value="25.161-b12"/>
    <property name="java.vm.vendor" value="Oracle Corporation"/>
    <property name="maven.multiModuleProjectDirectory" value="H:\houseWorkspace\singlehouse\singlehouse-service"/>
    <property name="java.vendor.url" value="http://java.oracle.com/"/>
    <property name="path.separator" value=";"/>
    <property name="guice.disable.misplaced.annotation.check" value="true"/>
    <property name="java.vm.name" value="Java HotSpot(TM) 64-Bit Server VM"/>
    <property name="file.encoding.pkg" value="sun.io"/>
    <property name="user.script" value=""/>
    <property name="user.country" value="CN"/>
    <property name="sun.java.launcher" value="SUN_STANDARD"/>
    <property name="sun.os.patch.level" value=""/>
    <property name="java.vm.specification.name" value="Java Virtual Machine Specification"/>
    <property name="user.dir" value="H:\houseWorkspace\singlehouse\singlehouse-service"/>
    <property name="java.runtime.version" value="1.8.0_161-b12"/>
    <property name="java.awt.graphicsenv" value="sun.awt.Win32GraphicsEnvironment"/>
    <property name="java.endorsed.dirs" value="E:\jdk\jdk-8u161-windows-x64\jdk1.8.0_161\jre\lib\endorsed"/>
    <property name="os.arch" value="amd64"/>
    <property name="java.io.tmpdir" value="C:\Users\Qzing\AppData\Local\Temp\"/>
    <property name="line.separator" value="
"/>
    <property name="java.vm.specification.vendor" value="Oracle Corporation"/>
    <property name="user.variant" value=""/>
    <property name="os.name" value="Windows 10"/>
    <property name="classworlds.conf" value="H:\houseWorkspace\.metadata\.plugins\org.eclipse.m2e.launching\launches\m2conf5036811117720329623.tmp"/>
    <property name="sun.jnu.encoding" value="GBK"/>
    <property name="java.library.path" value="E:\jdk\jdk-8u161-windows-x64\jdk1.8.0_161\bin;C:\WINDOWS\Sun\Java\bin;C:\WINDOWS\system32;C:\WINDOWS;E:/jdk/jdk-8u161-windows-x64/jdk1.8.0_161/bin/../jre/bin/server;E:/jdk/jdk-8u161-windows-x64/jdk1.8.0_161/bin/../jre/bin;E:/jdk/jdk-8u161-windows-x64/jdk1.8.0_161/bin/../jre/lib/amd64;E:\jdk\jdk-8u161-windows-x64\jdk1.8.0_161\bin;C:\ProgramData\Oracle\Java\javapath;C:\WINDOWS\system32;C:\WINDOWS;C:\WINDOWS\System32\Wbem;C:\WINDOWS\System32\WindowsPowerShell\v1.0\;E:\mysql_8.012\mysql-8.0.12-winx64\\bin;E:\Develop\Maven\MavenSoftware\apache-maven-3.3.9\bin;E:\curl\curl-7.59.0-win64-mingw\bin;C:\WINDOWS\System32\OpenSSH\;C:\Program Files\nodejs\;C:\Users\Qzing\AppData\Local\Microsoft\WindowsApps;C:\Program Files\Bandizip\;C:\Users\Qzing\AppData\Roaming\npm;;E:\Develop\STS\sts-bundle\sts-3.9.3.RELEASE;;."/>
    <property name="java.specification.name" value="Java Platform API Specification"/>
    <property name="java.class.version" value="52.0"/>
    <property name="sun.management.compiler" value="HotSpot 64-Bit Tiered Compilers"/>
    <property name="os.version" value="10.0"/>
    <property name="user.home" value="C:\Users\Qzing"/>
    <property name="user.timezone" value="Asia/Shanghai"/>
    <property name="java.awt.printerjob" value="sun.awt.windows.WPrinterJob"/>
    <property name="java.specification.version" value="1.8"/>
    <property name="file.encoding" value="GBK"/>
    <property name="user.name" value="Qzing"/>
    <property name="java.class.path" value="E:\Develop\STS\sts-bundle\sts-3.9.3.RELEASE\plugins\org.eclipse.m2e.maven.runtime_1.8.3.20180227-2135\jars\plexus-classworlds-2.5.2.jar"/>
    <property name="java.vm.specification.version" value="1.8"/>
    <property name="sun.arch.data.model" value="64"/>
    <property name="java.home" value="E:\jdk\jdk-8u161-windows-x64\jdk1.8.0_161\jre"/>
    <property name="sun.java.command" value="org.codehaus.plexus.classworlds.launcher.Launcher -B -s E:\Develop\Maven\MavenRepository\settings-house.xml install"/>
    <property name="java.specification.vendor" value="Oracle Corporation"/>
    <property name="user.language" value="zh"/>
    <property name="awt.toolkit" value="sun.awt.windows.WToolkit"/>
    <property name="java.vm.info" value="mixed mode"/>
    <property name="java.version" value="1.8.0_161"/>
    <property name="java.ext.dirs" value="E:\jdk\jdk-8u161-windows-x64\jdk1.8.0_161\jre\lib\ext;C:\WINDOWS\Sun\Java\lib\ext"/>
    <property name="sun.boot.class.path" value="E:\jdk\jdk-8u161-windows-x64\jdk1.8.0_161\jre\lib\resources.jar;E:\jdk\jdk-8u161-windows-x64\jdk1.8.0_161\jre\lib\rt.jar;E:\jdk\jdk-8u161-windows-x64\jdk1.8.0_161\jre\lib\sunrsasign.jar;E:\jdk\jdk-8u161-windows-x64\jdk1.8.0_161\jre\lib\jsse.jar;E:\jdk\jdk-8u161-windows-x64\jdk1.8.0_161\jre\lib\jce.jar;E:\jdk\jdk-8u161-windows-x64\jdk1.8.0_161\jre\lib\charsets.jar;E:\jdk\jdk-8u161-windows-x64\jdk1.8.0_161\jre\lib\jfr.jar;E:\jdk\jdk-8u161-windows-x64\jdk1.8.0_161\jre\classes"/>
    <property name="java.vendor" value="Oracle Corporation"/>
    <property name="maven.home" value="H:\houseWorkspace\singlehouse\singlehouse-service\EMBEDDED"/>
    <property name="file.separator" value="\"/>
    <property name="java.vendor.url.bug" value="http://bugreport.sun.com/bugreport/"/>
    <property name="sun.cpu.endian" value="little"/>
    <property name="sun.io.unicode.encoding" value="UnicodeLittle"/>
    <property name="sun.desktop" value="windows"/>
    <property name="sun.cpu.isalist" value="amd64"/>
  </properties>
  <testcase classname="com.qzing.singlehouse.service.AppTest" name="testApp" time="0.002"/>
</testsuite>